<?xml version="1.0" encoding="UTF-8"?>
<!-- Generated by org.testng.reporters.JUnitReportReporter -->
<testsuite hostname="NimmyLaptop" failures="0" tests="1" name="testCases.TestHome" time="31.612" errors="0" timestamp="2023-03-15T01:24:23 GMT" skipped="0">
  <testcase classname="testCases.TestHome" name="TC_Validate_price_range_of_ClassA_is_in_range" time="31.612"/>
  <system-out/>
</testsuite> <!-- testCases.TestHome -->
